<?xml version="1.0" encoding="UTF-8" ?>
<testsuite failures="0" time="0.032" errors="0" skipped="0" tests="1" name="data.pail.topicpail.AppTest">
  <properties>
    <property name="java.runtime.name" value="OpenJDK Runtime Environment"/>
    <property name="sun.boot.library.path" value="/usr/lib/jvm/java-7-openjdk/jre/lib/amd64"/>
    <property name="java.vm.version" value="24.45-b08"/>
    <property name="java.vm.vendor" value="Oracle Corporation"/>
    <property name="java.vendor.url" value="http://java.oracle.com/"/>
    <property name="path.separator" value=":"/>
    <property name="java.vm.name" value="OpenJDK 64-Bit Server VM"/>
    <property name="file.encoding.pkg" value="sun.io"/>
    <property name="user.country" value="US"/>
    <property name="sun.java.launcher" value="SUN_STANDARD"/>
    <property name="sun.os.patch.level" value="unknown"/>
    <property name="java.vm.specification.name" value="Java Virtual Machine Specification"/>
    <property name="user.dir" value="/home/nikos/gitprojects/TopicPailJcasc"/>
    <property name="java.runtime.version" value="1.7.0_45-b31"/>
    <property name="java.awt.graphicsenv" value="sun.awt.X11GraphicsEnvironment"/>
    <property name="basedir" value="/home/nikos/gitprojects/TopicPailJcasc"/>
    <property name="java.endorsed.dirs" value="/usr/lib/jvm/java-7-openjdk/jre/lib/endorsed"/>
    <property name="os.arch" value="amd64"/>
    <property name="surefire.real.class.path" value="/tmp/surefirebooter7790342211514226138.jar"/>
    <property name="java.io.tmpdir" value="/tmp"/>
    <property name="line.separator" value="
"/>
    <property name="java.vm.specification.vendor" value="Oracle Corporation"/>
    <property name="os.name" value="Linux"/>
    <property name="sun.jnu.encoding" value="UTF-8"/>
    <property name="java.library.path" value="/usr/lib/jvm/java-7-openjdk/bin/../jre/lib/amd64:/usr/lib/jvm/java-7-openjdk/bin/../jre/lib/i386::/usr/java/packages/lib/amd64:/usr/lib64:/lib64:/lib:/usr/lib"/>
    <property name="surefire.test.class.path" value="/home/nikos/gitprojects/TopicPailJcasc/target/test-classes:/home/nikos/gitprojects/TopicPailJcasc/target/classes:/home/nikos/.m2/repository/junit/junit/3.8.1/junit-3.8.1.jar:/home/nikos/.m2/repository/cascalog/cascalog/2.0.0/cascalog-2.0.0.jar:/home/nikos/.m2/repository/cascalog/cascalog-core/2.0.0/cascalog-core-2.0.0.jar:/home/nikos/.m2/repository/org/clojure/clojure/1.5.1/clojure-1.5.1.jar:/home/nikos/.m2/repository/org/clojure/tools.macro/0.1.2/tools.macro-0.1.2.jar:/home/nikos/.m2/repository/log4j/log4j/1.2.16/log4j-1.2.16.jar:/home/nikos/.m2/repository/org/slf4j/slf4j-log4j12/1.6.6/slf4j-log4j12-1.6.6.jar:/home/nikos/.m2/repository/org/slf4j/slf4j-api/1.6.6/slf4j-api-1.6.6.jar:/home/nikos/.m2/repository/cascading/cascading-hadoop/2.2.0/cascading-hadoop-2.2.0.jar:/home/nikos/.m2/repository/cascading/cascading-core/2.2.0/cascading-core-2.2.0.jar:/home/nikos/.m2/repository/riffle/riffle/0.1-dev/riffle-0.1-dev.jar:/home/nikos/.m2/repository/thirdparty/jgrapht-jdk1.6/0.8.1/jgrapht-jdk1.6-0.8.1.jar:/home/nikos/.m2/repository/cascading/kryo/cascading.kryo/0.4.6/cascading.kryo-0.4.6.jar:/home/nikos/.m2/repository/com/esotericsoftware/kryo/kryo/2.17/kryo-2.17.jar:/home/nikos/.m2/repository/com/esotericsoftware/reflectasm/reflectasm/1.07/reflectasm-1.07-shaded.jar:/home/nikos/.m2/repository/org/ow2/asm/asm/4.0/asm-4.0.jar:/home/nikos/.m2/repository/com/esotericsoftware/minlog/minlog/1.2/minlog-1.2.jar:/home/nikos/.m2/repository/org/objenesis/objenesis/1.2/objenesis-1.2.jar:/home/nikos/.m2/repository/com/twitter/carbonite/1.3.2/carbonite-1.3.2.jar:/home/nikos/.m2/repository/com/twitter/meat-locker/0.3.1/meat-locker-0.3.1.jar:/home/nikos/.m2/repository/com/twitter/maple/0.2.2/maple-0.2.2.jar:/home/nikos/.m2/repository/jackknife/jackknife/0.1.6/jackknife-0.1.6.jar:/home/nikos/.m2/repository/org/clojure/tools.logging/0.2.6/tools.logging-0.2.6.jar:/home/nikos/.m2/repository/org/clojure/math.combinatorics/0.0.4/math.combinatorics-0.0.4.jar:/home/nikos/.m2/repository/hadoop-util/hadoop-util/0.3.0/hadoop-util-0.3.0.jar:/home/nikos/.m2/repository/cascalog/cascalog-checkpoint/2.0.0/cascalog-checkpoint-2.0.0.jar:/home/nikos/.m2/repository/cascalog/cascalog-more-taps/2.0.0/cascalog-more-taps-2.0.0.jar:/home/nikos/.m2/repository/cascalog/cascalog-math/2.0.0/cascalog-math-2.0.0.jar:/home/nikos/.m2/repository/cascalog/midje-cascalog/2.0.0/midje-cascalog-2.0.0.jar:/home/nikos/.m2/repository/midje/midje/1.5.1/midje-1.5.1.jar:/home/nikos/.m2/repository/ordered/ordered/1.2.0/ordered-1.2.0.jar:/home/nikos/.m2/repository/org/clojure/algo.monads/0.1.0/algo.monads-0.1.0.jar:/home/nikos/.m2/repository/org/clojure/core.unify/0.5.2/core.unify-0.5.2.jar:/home/nikos/.m2/repository/utilize/utilize/0.2.3/utilize-0.2.3.jar:/home/nikos/.m2/repository/joda-time/joda-time/2.0/joda-time-2.0.jar:/home/nikos/.m2/repository/colorize/colorize/0.1.1/colorize-0.1.1.jar:/home/nikos/.m2/repository/org/clojure/core.incubator/0.1.0/core.incubator-0.1.0.jar:/home/nikos/.m2/repository/bultitude/bultitude/0.1.7/bultitude-0.1.7.jar:/home/nikos/.m2/repository/leiningen-core/leiningen-core/2.0.0-preview10/leiningen-core-2.0.0-preview10.jar:/home/nikos/.m2/repository/classlojure/classlojure/0.6.6/classlojure-0.6.6.jar:/home/nikos/.m2/repository/useful/useful/0.8.3-alpha8/useful-0.8.3-alpha8.jar:/home/nikos/.m2/repository/robert/hooke/1.1.2/hooke-1.1.2.jar:/home/nikos/.m2/repository/com/cemerick/pomegranate/0.0.13/pomegranate-0.0.13.jar:/home/nikos/.m2/repository/org/sonatype/aether/aether-api/1.13.1/aether-api-1.13.1.jar:/home/nikos/.m2/repository/org/sonatype/aether/aether-util/1.13.1/aether-util-1.13.1.jar:/home/nikos/.m2/repository/org/sonatype/aether/aether-impl/1.13.1/aether-impl-1.13.1.jar:/home/nikos/.m2/repository/org/sonatype/aether/aether-spi/1.13.1/aether-spi-1.13.1.jar:/home/nikos/.m2/repository/org/sonatype/aether/aether-connector-file/1.13.1/aether-connector-file-1.13.1.jar:/home/nikos/.m2/repository/org/sonatype/aether/aether-connector-wagon/1.13.1/aether-connector-wagon-1.13.1.jar:/home/nikos/.m2/repository/org/apache/maven/wagon/wagon-provider-api/2.2/wagon-provider-api-2.2.jar:/home/nikos/.m2/repository/org/codehaus/plexus/plexus-utils/2.0.7/plexus-utils-2.0.7.jar:/home/nikos/.m2/repository/org/codehaus/plexus/plexus-classworlds/2.4/plexus-classworlds-2.4.jar:/home/nikos/.m2/repository/org/sonatype/sisu/sisu-inject-plexus/2.2.3/sisu-inject-plexus-2.2.3.jar:/home/nikos/.m2/repository/org/codehaus/plexus/plexus-component-annotations/1.5.5/plexus-component-annotations-1.5.5.jar:/home/nikos/.m2/repository/org/sonatype/sisu/sisu-inject-bean/2.2.3/sisu-inject-bean-2.2.3.jar:/home/nikos/.m2/repository/org/sonatype/sisu/sisu-guice/3.0.3/sisu-guice-3.0.3-no_aop.jar:/home/nikos/.m2/repository/org/apache/maven/maven-aether-provider/3.0.4/maven-aether-provider-3.0.4.jar:/home/nikos/.m2/repository/org/apache/maven/maven-model/3.0.4/maven-model-3.0.4.jar:/home/nikos/.m2/repository/org/apache/maven/maven-model-builder/3.0.4/maven-model-builder-3.0.4.jar:/home/nikos/.m2/repository/org/codehaus/plexus/plexus-interpolation/1.14/plexus-interpolation-1.14.jar:/home/nikos/.m2/repository/org/apache/maven/maven-repository-metadata/3.0.4/maven-repository-metadata-3.0.4.jar:/home/nikos/.m2/repository/org/apache/maven/wagon/wagon-http/2.2/wagon-http-2.2.jar:/home/nikos/.m2/repository/org/apache/maven/wagon/wagon-http-shared4/2.2/wagon-http-shared4-2.2.jar:/home/nikos/.m2/repository/org/jsoup/jsoup/1.6.1/jsoup-1.6.1.jar:/home/nikos/.m2/repository/org/apache/httpcomponents/httpclient/4.2.5/httpclient-4.2.5.jar:/home/nikos/.m2/repository/org/apache/httpcomponents/httpcore/4.2.4/httpcore-4.2.4.jar:/home/nikos/.m2/repository/commons-logging/commons-logging/1.1.1/commons-logging-1.1.1.jar:/home/nikos/.m2/repository/commons-codec/commons-codec/1.4/commons-codec-1.4.jar:/home/nikos/.m2/repository/commons-io/commons-io/2.1/commons-io-2.1.jar:/home/nikos/.m2/repository/swiss-arrows/swiss-arrows/0.1.0/swiss-arrows-0.1.0.jar:/home/nikos/.m2/repository/org/clojure/tools.namespace/0.2.2/tools.namespace-0.2.2.jar:/home/nikos/.m2/repository/slingshot/slingshot/0.10.3/slingshot-0.10.3.jar:/home/nikos/.m2/repository/gui-diff/gui-diff/0.3.9/gui-diff-0.3.9.jar:/home/nikos/.m2/repository/com/backtype/dfs-datastores/1.3.5/dfs-datastores-1.3.5.jar:/home/nikos/.m2/repository/jvyaml/jvyaml/1.0.0/jvyaml-1.0.0.jar:/home/nikos/.m2/repository/com/google/guava/guava/13.0/guava-13.0.jar:/home/nikos/.m2/repository/org/apache/thrift/libthrift/0.9.1/libthrift-0.9.1.jar:/home/nikos/.m2/repository/org/apache/commons/commons-lang3/3.1/commons-lang3-3.1.jar:/home/nikos/.m2/repository/com/google/code/gson/gson/2.2.4/gson-2.2.4.jar:/home/nikos/.m2/repository/backtype/cascading-thrift/0.2.3/cascading-thrift-0.2.3.jar:/home/nikos/.m2/repository/org/codehaus/janino/janino/2.6.1/janino-2.6.1.jar:/home/nikos/.m2/repository/org/codehaus/janino/commons-compiler/2.6.1/commons-compiler-2.6.1.jar:/home/nikos/.m2/repository/cascading/cascading-local/2.2.0/cascading-local-2.2.0.jar:/home/nikos/.m2/repository/cascading/cascading-xml/2.2.0/cascading-xml-2.2.0.jar:/home/nikos/.m2/repository/org/ccil/cowan/tagsoup/tagsoup/1.2/tagsoup-1.2.jar:/home/nikos/.m2/repository/cascading/cascading-platform/2.2.0/cascading-platform-2.2.0.jar:/home/nikos/.m2/repository/org/apache/hadoop/hadoop-core/1.2.1/hadoop-core-1.2.1.jar:/home/nikos/.m2/repository/commons-cli/commons-cli/1.2/commons-cli-1.2.jar:/home/nikos/.m2/repository/xmlenc/xmlenc/0.52/xmlenc-0.52.jar:/home/nikos/.m2/repository/com/sun/jersey/jersey-core/1.8/jersey-core-1.8.jar:/home/nikos/.m2/repository/com/sun/jersey/jersey-json/1.8/jersey-json-1.8.jar:/home/nikos/.m2/repository/org/codehaus/jettison/jettison/1.1/jettison-1.1.jar:/home/nikos/.m2/repository/stax/stax-api/1.0.1/stax-api-1.0.1.jar:/home/nikos/.m2/repository/com/sun/xml/bind/jaxb-impl/2.2.3-1/jaxb-impl-2.2.3-1.jar:/home/nikos/.m2/repository/javax/xml/bind/jaxb-api/2.2.2/jaxb-api-2.2.2.jar:/home/nikos/.m2/repository/javax/xml/stream/stax-api/1.0-2/stax-api-1.0-2.jar:/home/nikos/.m2/repository/javax/activation/activation/1.1/activation-1.1.jar:/home/nikos/.m2/repository/org/codehaus/jackson/jackson-core-asl/1.7.1/jackson-core-asl-1.7.1.jar:/home/nikos/.m2/repository/org/codehaus/jackson/jackson-mapper-asl/1.8.8/jackson-mapper-asl-1.8.8.jar:/home/nikos/.m2/repository/org/codehaus/jackson/jackson-jaxrs/1.7.1/jackson-jaxrs-1.7.1.jar:/home/nikos/.m2/repository/org/codehaus/jackson/jackson-xc/1.7.1/jackson-xc-1.7.1.jar:/home/nikos/.m2/repository/com/sun/jersey/jersey-server/1.8/jersey-server-1.8.jar:/home/nikos/.m2/repository/asm/asm/3.1/asm-3.1.jar:/home/nikos/.m2/repository/commons-httpclient/commons-httpclient/3.0.1/commons-httpclient-3.0.1.jar:/home/nikos/.m2/repository/org/apache/commons/commons-math/2.1/commons-math-2.1.jar:/home/nikos/.m2/repository/commons-configuration/commons-configuration/1.6/commons-configuration-1.6.jar:/home/nikos/.m2/repository/commons-collections/commons-collections/3.2.1/commons-collections-3.2.1.jar:/home/nikos/.m2/repository/commons-lang/commons-lang/2.4/commons-lang-2.4.jar:/home/nikos/.m2/repository/commons-digester/commons-digester/1.8/commons-digester-1.8.jar:/home/nikos/.m2/repository/commons-beanutils/commons-beanutils/1.7.0/commons-beanutils-1.7.0.jar:/home/nikos/.m2/repository/commons-beanutils/commons-beanutils-core/1.8.0/commons-beanutils-core-1.8.0.jar:/home/nikos/.m2/repository/commons-net/commons-net/1.4.1/commons-net-1.4.1.jar:/home/nikos/.m2/repository/oro/oro/2.0.8/oro-2.0.8.jar:/home/nikos/.m2/repository/org/mortbay/jetty/jetty/6.1.26/jetty-6.1.26.jar:/home/nikos/.m2/repository/org/mortbay/jetty/jetty-util/6.1.26/jetty-util-6.1.26.jar:/home/nikos/.m2/repository/org/mortbay/jetty/servlet-api/2.5-20081211/servlet-api-2.5-20081211.jar:/home/nikos/.m2/repository/tomcat/jasper-runtime/5.5.12/jasper-runtime-5.5.12.jar:/home/nikos/.m2/repository/tomcat/jasper-compiler/5.5.12/jasper-compiler-5.5.12.jar:/home/nikos/.m2/repository/org/mortbay/jetty/jsp-api-2.1/6.1.14/jsp-api-2.1-6.1.14.jar:/home/nikos/.m2/repository/org/mortbay/jetty/servlet-api-2.5/6.1.14/servlet-api-2.5-6.1.14.jar:/home/nikos/.m2/repository/org/mortbay/jetty/jsp-2.1/6.1.14/jsp-2.1-6.1.14.jar:/home/nikos/.m2/repository/org/eclipse/jdt/core/3.1.1/core-3.1.1.jar:/home/nikos/.m2/repository/ant/ant/1.6.5/ant-1.6.5.jar:/home/nikos/.m2/repository/commons-el/commons-el/1.0/commons-el-1.0.jar:/home/nikos/.m2/repository/net/java/dev/jets3t/jets3t/0.6.1/jets3t-0.6.1.jar:/home/nikos/.m2/repository/hsqldb/hsqldb/1.8.0.10/hsqldb-1.8.0.10.jar:/home/nikos/.m2/repository/org/apache/lucene/lucene-core/4.6.0/lucene-core-4.6.0.jar:/home/nikos/.m2/repository/org/apache/lucene/lucene-analyzers-common/4.6.0/lucene-analyzers-common-4.6.0.jar:/home/nikos/.m2/repository/org/twitter4j/twitter4j-core/3.0.5/twitter4j-core-3.0.5.jar:"/>
    <property name="java.specification.name" value="Java Platform API Specification"/>
    <property name="java.class.version" value="51.0"/>
    <property name="sun.management.compiler" value="HotSpot 64-Bit Tiered Compilers"/>
    <property name="os.version" value="3.12.2-1-ARCH"/>
    <property name="user.home" value="/home/nikos"/>
    <property name="user.timezone" value=""/>
    <property name="java.awt.printerjob" value="sun.print.PSPrinterJob"/>
    <property name="file.encoding" value="UTF-8"/>
    <property name="java.specification.version" value="1.7"/>
    <property name="user.name" value="nikos"/>
    <property name="java.class.path" value="/home/nikos/gitprojects/TopicPailJcasc/target/test-classes:/home/nikos/gitprojects/TopicPailJcasc/target/classes:/home/nikos/.m2/repository/junit/junit/3.8.1/junit-3.8.1.jar:/home/nikos/.m2/repository/cascalog/cascalog/2.0.0/cascalog-2.0.0.jar:/home/nikos/.m2/repository/cascalog/cascalog-core/2.0.0/cascalog-core-2.0.0.jar:/home/nikos/.m2/repository/org/clojure/clojure/1.5.1/clojure-1.5.1.jar:/home/nikos/.m2/repository/org/clojure/tools.macro/0.1.2/tools.macro-0.1.2.jar:/home/nikos/.m2/repository/log4j/log4j/1.2.16/log4j-1.2.16.jar:/home/nikos/.m2/repository/org/slf4j/slf4j-log4j12/1.6.6/slf4j-log4j12-1.6.6.jar:/home/nikos/.m2/repository/org/slf4j/slf4j-api/1.6.6/slf4j-api-1.6.6.jar:/home/nikos/.m2/repository/cascading/cascading-hadoop/2.2.0/cascading-hadoop-2.2.0.jar:/home/nikos/.m2/repository/cascading/cascading-core/2.2.0/cascading-core-2.2.0.jar:/home/nikos/.m2/repository/riffle/riffle/0.1-dev/riffle-0.1-dev.jar:/home/nikos/.m2/repository/thirdparty/jgrapht-jdk1.6/0.8.1/jgrapht-jdk1.6-0.8.1.jar:/home/nikos/.m2/repository/cascading/kryo/cascading.kryo/0.4.6/cascading.kryo-0.4.6.jar:/home/nikos/.m2/repository/com/esotericsoftware/kryo/kryo/2.17/kryo-2.17.jar:/home/nikos/.m2/repository/com/esotericsoftware/reflectasm/reflectasm/1.07/reflectasm-1.07-shaded.jar:/home/nikos/.m2/repository/org/ow2/asm/asm/4.0/asm-4.0.jar:/home/nikos/.m2/repository/com/esotericsoftware/minlog/minlog/1.2/minlog-1.2.jar:/home/nikos/.m2/repository/org/objenesis/objenesis/1.2/objenesis-1.2.jar:/home/nikos/.m2/repository/com/twitter/carbonite/1.3.2/carbonite-1.3.2.jar:/home/nikos/.m2/repository/com/twitter/meat-locker/0.3.1/meat-locker-0.3.1.jar:/home/nikos/.m2/repository/com/twitter/maple/0.2.2/maple-0.2.2.jar:/home/nikos/.m2/repository/jackknife/jackknife/0.1.6/jackknife-0.1.6.jar:/home/nikos/.m2/repository/org/clojure/tools.logging/0.2.6/tools.logging-0.2.6.jar:/home/nikos/.m2/repository/org/clojure/math.combinatorics/0.0.4/math.combinatorics-0.0.4.jar:/home/nikos/.m2/repository/hadoop-util/hadoop-util/0.3.0/hadoop-util-0.3.0.jar:/home/nikos/.m2/repository/cascalog/cascalog-checkpoint/2.0.0/cascalog-checkpoint-2.0.0.jar:/home/nikos/.m2/repository/cascalog/cascalog-more-taps/2.0.0/cascalog-more-taps-2.0.0.jar:/home/nikos/.m2/repository/cascalog/cascalog-math/2.0.0/cascalog-math-2.0.0.jar:/home/nikos/.m2/repository/cascalog/midje-cascalog/2.0.0/midje-cascalog-2.0.0.jar:/home/nikos/.m2/repository/midje/midje/1.5.1/midje-1.5.1.jar:/home/nikos/.m2/repository/ordered/ordered/1.2.0/ordered-1.2.0.jar:/home/nikos/.m2/repository/org/clojure/algo.monads/0.1.0/algo.monads-0.1.0.jar:/home/nikos/.m2/repository/org/clojure/core.unify/0.5.2/core.unify-0.5.2.jar:/home/nikos/.m2/repository/utilize/utilize/0.2.3/utilize-0.2.3.jar:/home/nikos/.m2/repository/joda-time/joda-time/2.0/joda-time-2.0.jar:/home/nikos/.m2/repository/colorize/colorize/0.1.1/colorize-0.1.1.jar:/home/nikos/.m2/repository/org/clojure/core.incubator/0.1.0/core.incubator-0.1.0.jar:/home/nikos/.m2/repository/bultitude/bultitude/0.1.7/bultitude-0.1.7.jar:/home/nikos/.m2/repository/leiningen-core/leiningen-core/2.0.0-preview10/leiningen-core-2.0.0-preview10.jar:/home/nikos/.m2/repository/classlojure/classlojure/0.6.6/classlojure-0.6.6.jar:/home/nikos/.m2/repository/useful/useful/0.8.3-alpha8/useful-0.8.3-alpha8.jar:/home/nikos/.m2/repository/robert/hooke/1.1.2/hooke-1.1.2.jar:/home/nikos/.m2/repository/com/cemerick/pomegranate/0.0.13/pomegranate-0.0.13.jar:/home/nikos/.m2/repository/org/sonatype/aether/aether-api/1.13.1/aether-api-1.13.1.jar:/home/nikos/.m2/repository/org/sonatype/aether/aether-util/1.13.1/aether-util-1.13.1.jar:/home/nikos/.m2/repository/org/sonatype/aether/aether-impl/1.13.1/aether-impl-1.13.1.jar:/home/nikos/.m2/repository/org/sonatype/aether/aether-spi/1.13.1/aether-spi-1.13.1.jar:/home/nikos/.m2/repository/org/sonatype/aether/aether-connector-file/1.13.1/aether-connector-file-1.13.1.jar:/home/nikos/.m2/repository/org/sonatype/aether/aether-connector-wagon/1.13.1/aether-connector-wagon-1.13.1.jar:/home/nikos/.m2/repository/org/apache/maven/wagon/wagon-provider-api/2.2/wagon-provider-api-2.2.jar:/home/nikos/.m2/repository/org/codehaus/plexus/plexus-utils/2.0.7/plexus-utils-2.0.7.jar:/home/nikos/.m2/repository/org/codehaus/plexus/plexus-classworlds/2.4/plexus-classworlds-2.4.jar:/home/nikos/.m2/repository/org/sonatype/sisu/sisu-inject-plexus/2.2.3/sisu-inject-plexus-2.2.3.jar:/home/nikos/.m2/repository/org/codehaus/plexus/plexus-component-annotations/1.5.5/plexus-component-annotations-1.5.5.jar:/home/nikos/.m2/repository/org/sonatype/sisu/sisu-inject-bean/2.2.3/sisu-inject-bean-2.2.3.jar:/home/nikos/.m2/repository/org/sonatype/sisu/sisu-guice/3.0.3/sisu-guice-3.0.3-no_aop.jar:/home/nikos/.m2/repository/org/apache/maven/maven-aether-provider/3.0.4/maven-aether-provider-3.0.4.jar:/home/nikos/.m2/repository/org/apache/maven/maven-model/3.0.4/maven-model-3.0.4.jar:/home/nikos/.m2/repository/org/apache/maven/maven-model-builder/3.0.4/maven-model-builder-3.0.4.jar:/home/nikos/.m2/repository/org/codehaus/plexus/plexus-interpolation/1.14/plexus-interpolation-1.14.jar:/home/nikos/.m2/repository/org/apache/maven/maven-repository-metadata/3.0.4/maven-repository-metadata-3.0.4.jar:/home/nikos/.m2/repository/org/apache/maven/wagon/wagon-http/2.2/wagon-http-2.2.jar:/home/nikos/.m2/repository/org/apache/maven/wagon/wagon-http-shared4/2.2/wagon-http-shared4-2.2.jar:/home/nikos/.m2/repository/org/jsoup/jsoup/1.6.1/jsoup-1.6.1.jar:/home/nikos/.m2/repository/org/apache/httpcomponents/httpclient/4.2.5/httpclient-4.2.5.jar:/home/nikos/.m2/repository/org/apache/httpcomponents/httpcore/4.2.4/httpcore-4.2.4.jar:/home/nikos/.m2/repository/commons-logging/commons-logging/1.1.1/commons-logging-1.1.1.jar:/home/nikos/.m2/repository/commons-codec/commons-codec/1.4/commons-codec-1.4.jar:/home/nikos/.m2/repository/commons-io/commons-io/2.1/commons-io-2.1.jar:/home/nikos/.m2/repository/swiss-arrows/swiss-arrows/0.1.0/swiss-arrows-0.1.0.jar:/home/nikos/.m2/repository/org/clojure/tools.namespace/0.2.2/tools.namespace-0.2.2.jar:/home/nikos/.m2/repository/slingshot/slingshot/0.10.3/slingshot-0.10.3.jar:/home/nikos/.m2/repository/gui-diff/gui-diff/0.3.9/gui-diff-0.3.9.jar:/home/nikos/.m2/repository/com/backtype/dfs-datastores/1.3.5/dfs-datastores-1.3.5.jar:/home/nikos/.m2/repository/jvyaml/jvyaml/1.0.0/jvyaml-1.0.0.jar:/home/nikos/.m2/repository/com/google/guava/guava/13.0/guava-13.0.jar:/home/nikos/.m2/repository/org/apache/thrift/libthrift/0.9.1/libthrift-0.9.1.jar:/home/nikos/.m2/repository/org/apache/commons/commons-lang3/3.1/commons-lang3-3.1.jar:/home/nikos/.m2/repository/com/google/code/gson/gson/2.2.4/gson-2.2.4.jar:/home/nikos/.m2/repository/backtype/cascading-thrift/0.2.3/cascading-thrift-0.2.3.jar:/home/nikos/.m2/repository/org/codehaus/janino/janino/2.6.1/janino-2.6.1.jar:/home/nikos/.m2/repository/org/codehaus/janino/commons-compiler/2.6.1/commons-compiler-2.6.1.jar:/home/nikos/.m2/repository/cascading/cascading-local/2.2.0/cascading-local-2.2.0.jar:/home/nikos/.m2/repository/cascading/cascading-xml/2.2.0/cascading-xml-2.2.0.jar:/home/nikos/.m2/repository/org/ccil/cowan/tagsoup/tagsoup/1.2/tagsoup-1.2.jar:/home/nikos/.m2/repository/cascading/cascading-platform/2.2.0/cascading-platform-2.2.0.jar:/home/nikos/.m2/repository/org/apache/hadoop/hadoop-core/1.2.1/hadoop-core-1.2.1.jar:/home/nikos/.m2/repository/commons-cli/commons-cli/1.2/commons-cli-1.2.jar:/home/nikos/.m2/repository/xmlenc/xmlenc/0.52/xmlenc-0.52.jar:/home/nikos/.m2/repository/com/sun/jersey/jersey-core/1.8/jersey-core-1.8.jar:/home/nikos/.m2/repository/com/sun/jersey/jersey-json/1.8/jersey-json-1.8.jar:/home/nikos/.m2/repository/org/codehaus/jettison/jettison/1.1/jettison-1.1.jar:/home/nikos/.m2/repository/stax/stax-api/1.0.1/stax-api-1.0.1.jar:/home/nikos/.m2/repository/com/sun/xml/bind/jaxb-impl/2.2.3-1/jaxb-impl-2.2.3-1.jar:/home/nikos/.m2/repository/javax/xml/bind/jaxb-api/2.2.2/jaxb-api-2.2.2.jar:/home/nikos/.m2/repository/javax/xml/stream/stax-api/1.0-2/stax-api-1.0-2.jar:/home/nikos/.m2/repository/javax/activation/activation/1.1/activation-1.1.jar:/home/nikos/.m2/repository/org/codehaus/jackson/jackson-core-asl/1.7.1/jackson-core-asl-1.7.1.jar:/home/nikos/.m2/repository/org/codehaus/jackson/jackson-mapper-asl/1.8.8/jackson-mapper-asl-1.8.8.jar:/home/nikos/.m2/repository/org/codehaus/jackson/jackson-jaxrs/1.7.1/jackson-jaxrs-1.7.1.jar:/home/nikos/.m2/repository/org/codehaus/jackson/jackson-xc/1.7.1/jackson-xc-1.7.1.jar:/home/nikos/.m2/repository/com/sun/jersey/jersey-server/1.8/jersey-server-1.8.jar:/home/nikos/.m2/repository/asm/asm/3.1/asm-3.1.jar:/home/nikos/.m2/repository/commons-httpclient/commons-httpclient/3.0.1/commons-httpclient-3.0.1.jar:/home/nikos/.m2/repository/org/apache/commons/commons-math/2.1/commons-math-2.1.jar:/home/nikos/.m2/repository/commons-configuration/commons-configuration/1.6/commons-configuration-1.6.jar:/home/nikos/.m2/repository/commons-collections/commons-collections/3.2.1/commons-collections-3.2.1.jar:/home/nikos/.m2/repository/commons-lang/commons-lang/2.4/commons-lang-2.4.jar:/home/nikos/.m2/repository/commons-digester/commons-digester/1.8/commons-digester-1.8.jar:/home/nikos/.m2/repository/commons-beanutils/commons-beanutils/1.7.0/commons-beanutils-1.7.0.jar:/home/nikos/.m2/repository/commons-beanutils/commons-beanutils-core/1.8.0/commons-beanutils-core-1.8.0.jar:/home/nikos/.m2/repository/commons-net/commons-net/1.4.1/commons-net-1.4.1.jar:/home/nikos/.m2/repository/oro/oro/2.0.8/oro-2.0.8.jar:/home/nikos/.m2/repository/org/mortbay/jetty/jetty/6.1.26/jetty-6.1.26.jar:/home/nikos/.m2/repository/org/mortbay/jetty/jetty-util/6.1.26/jetty-util-6.1.26.jar:/home/nikos/.m2/repository/org/mortbay/jetty/servlet-api/2.5-20081211/servlet-api-2.5-20081211.jar:/home/nikos/.m2/repository/tomcat/jasper-runtime/5.5.12/jasper-runtime-5.5.12.jar:/home/nikos/.m2/repository/tomcat/jasper-compiler/5.5.12/jasper-compiler-5.5.12.jar:/home/nikos/.m2/repository/org/mortbay/jetty/jsp-api-2.1/6.1.14/jsp-api-2.1-6.1.14.jar:/home/nikos/.m2/repository/org/mortbay/jetty/servlet-api-2.5/6.1.14/servlet-api-2.5-6.1.14.jar:/home/nikos/.m2/repository/org/mortbay/jetty/jsp-2.1/6.1.14/jsp-2.1-6.1.14.jar:/home/nikos/.m2/repository/org/eclipse/jdt/core/3.1.1/core-3.1.1.jar:/home/nikos/.m2/repository/ant/ant/1.6.5/ant-1.6.5.jar:/home/nikos/.m2/repository/commons-el/commons-el/1.0/commons-el-1.0.jar:/home/nikos/.m2/repository/net/java/dev/jets3t/jets3t/0.6.1/jets3t-0.6.1.jar:/home/nikos/.m2/repository/hsqldb/hsqldb/1.8.0.10/hsqldb-1.8.0.10.jar:/home/nikos/.m2/repository/org/apache/lucene/lucene-core/4.6.0/lucene-core-4.6.0.jar:/home/nikos/.m2/repository/org/apache/lucene/lucene-analyzers-common/4.6.0/lucene-analyzers-common-4.6.0.jar:/home/nikos/.m2/repository/org/twitter4j/twitter4j-core/3.0.5/twitter4j-core-3.0.5.jar:"/>
    <property name="java.vm.specification.version" value="1.7"/>
    <property name="sun.arch.data.model" value="64"/>
    <property name="java.home" value="/usr/lib/jvm/java-7-openjdk/jre"/>
    <property name="sun.java.command" value="/tmp/surefirebooter7790342211514226138.jar /tmp/surefire8768560885429678464tmp /tmp/surefire5444075638245262400tmp"/>
    <property name="java.specification.vendor" value="Oracle Corporation"/>
    <property name="user.language" value="en"/>
    <property name="awt.toolkit" value="sun.awt.X11.XToolkit"/>
    <property name="java.vm.info" value="mixed mode"/>
    <property name="java.version" value="1.7.0_45"/>
    <property name="java.ext.dirs" value="/usr/lib/jvm/java-7-openjdk/jre/lib/ext:/usr/java/packages/lib/ext"/>
    <property name="sun.boot.class.path" value="/usr/lib/jvm/java-7-openjdk/jre/lib/resources.jar:/usr/lib/jvm/java-7-openjdk/jre/lib/rt.jar:/usr/lib/jvm/java-7-openjdk/jre/lib/sunrsasign.jar:/usr/lib/jvm/java-7-openjdk/jre/lib/jsse.jar:/usr/lib/jvm/java-7-openjdk/jre/lib/jce.jar:/usr/lib/jvm/java-7-openjdk/jre/lib/charsets.jar:/usr/lib/jvm/java-7-openjdk/jre/lib/netx.jar:/usr/lib/jvm/java-7-openjdk/jre/lib/plugin.jar:/usr/lib/jvm/java-7-openjdk/jre/lib/rhino.jar:/usr/lib/jvm/java-7-openjdk/jre/lib/jfr.jar:/usr/lib/jvm/java-7-openjdk/jre/classes"/>
    <property name="java.vendor" value="Oracle Corporation"/>
    <property name="localRepository" value="/home/nikos/.m2/repository"/>
    <property name="file.separator" value="/"/>
    <property name="java.vendor.url.bug" value="http://bugreport.sun.com/bugreport/"/>
    <property name="sun.cpu.endian" value="little"/>
    <property name="sun.io.unicode.encoding" value="UnicodeLittle"/>
    <property name="sun.desktop" value="gnome"/>
    <property name="sun.cpu.isalist" value=""/>
  </properties>
  <testcase time="0.004" classname="data.pail.topicpail.AppTest" name="testApp"/>
</testsuite>